<?xml version="1.0" encoding="UTF-8"?>
<!-- Generated by org.testng.reporters.JUnitReportReporter -->
<testsuite skipped="0" hostname="W10VM-66" name="de.simple.testbase.Testbase" tests="1" failures="0" timestamp="2021-04-07T15:43:08 MESZ" time="5.309" errors="0">
  <testcase name="simpletest" time="5.309" classname="de.simple.testbase.Testbase"/>
  <system-out/>
</testsuite> <!-- de.simple.testbase.Testbase -->
